Performing C SOURCE FILE Test CMAKE_HAVE_LIBC_PTHREAD failed with the following output:
Change Dir: /home/johan/DJI_app/chalmers-drone-app/GSDemo/app/.cxx/Release/466p196e/arm64-v8a/CMakeFiles/CMakeTmp

Run Build Command(s):/home/johan/Android/Sdk/cmake/3.22.1/bin/ninja cmTC_f09b0 && [1/2] Building C object CMakeFiles/cmTC_f09b0.dir/src.c.o
/home/johan/DJI_app/chalmers-drone-app/GSDemo/app/.cxx/Release/466p196e/arm64-v8a/CMakeFiles/CMakeTmp/src.c:13:3: warning: implicit declaration of function 'pthread_cancel' is invalid in C99 [-Wimplicit-function-declaration]
  pthread_cancel(thread);
  ^
1 warning generated.
[2/2] Linking C executable cmTC_f09b0
FAILED: cmTC_f09b0 
: && /home/johan/Android/Sdk/ndk/23.1.7779620/toolchains/llvm/prebuilt/linux-x86_64/bin/clang --target=aarch64-none-linux-android21 --sysroot=/home/johan/Android/Sdk/ndk/23.1.7779620/toolchains/llvm/prebuilt/linux-x86_64/sysroot -DANDROID -fdata-sections -ffunction-sections -funwind-tables -fstack-protector-strong -no-canonical-prefixes -D_FORTIFY_SOURCE=2 -Wformat -Werror=format-security -fexceptions  -O2 -g -DNDEBUG -Wl,--build-id=sha1 -Wl,--no-rosegment -Wl,--fatal-warnings -Qunused-arguments -Wl,--no-undefined  -Wl,--gc-sections CMakeFiles/cmTC_f09b0.dir/src.c.o -o cmTC_f09b0  -latomic -lm && :
ld: error: undefined symbol: pthread_cancel
>>> referenced by src.c:13
>>>               CMakeFiles/cmTC_f09b0.dir/src.c.o:(main)
clang: error: linker command failed with exit code 1 (use -v to see invocation)
ninja: build stopped: subcommand failed.


Source file was:
#include <pthread.h>

static void* test_func(void* data)
{
  return data;
}

int main(void)
{
  pthread_t thread;
  pthread_create(&thread, NULL, test_func, NULL);
  pthread_detach(thread);
  pthread_cancel(thread);
  pthread_join(thread, NULL);
  pthread_atfork(NULL, NULL, NULL);
  pthread_exit(NULL);

  return 0;
}

Determining if the function pthread_create exists in the pthreads failed with the following output:
Change Dir: /home/johan/DJI_app/chalmers-drone-app/GSDemo/app/.cxx/Release/466p196e/arm64-v8a/CMakeFiles/CMakeTmp

Run Build Command(s):/home/johan/Android/Sdk/cmake/3.22.1/bin/ninja cmTC_14534 && [1/2] Building C object CMakeFiles/cmTC_14534.dir/CheckFunctionExists.c.o
[2/2] Linking C executable cmTC_14534
FAILED: cmTC_14534 
: && /home/johan/Android/Sdk/ndk/23.1.7779620/toolchains/llvm/prebuilt/linux-x86_64/bin/clang --target=aarch64-none-linux-android21 --sysroot=/home/johan/Android/Sdk/ndk/23.1.7779620/toolchains/llvm/prebuilt/linux-x86_64/sysroot -DANDROID -fdata-sections -ffunction-sections -funwind-tables -fstack-protector-strong -no-canonical-prefixes -D_FORTIFY_SOURCE=2 -Wformat -Werror=format-security -fexceptions -DCHECK_FUNCTION_EXISTS=pthread_create -O2 -g -DNDEBUG -Wl,--build-id=sha1 -Wl,--no-rosegment -Wl,--fatal-warnings -Qunused-arguments -Wl,--no-undefined  -Wl,--gc-sections CMakeFiles/cmTC_14534.dir/CheckFunctionExists.c.o -o cmTC_14534  -lpthreads   -latomic -lm && :
ld: error: unable to find library -lpthreads
clang: error: linker command failed with exit code 1 (use -v to see invocation)
ninja: build stopped: subcommand failed.



Determining if the function pthread_create exists in the pthread failed with the following output:
Change Dir: /home/johan/DJI_app/chalmers-drone-app/GSDemo/app/.cxx/Release/466p196e/arm64-v8a/CMakeFiles/CMakeTmp

Run Build Command(s):/home/johan/Android/Sdk/cmake/3.22.1/bin/ninja cmTC_71533 && [1/2] Building C object CMakeFiles/cmTC_71533.dir/CheckFunctionExists.c.o
[2/2] Linking C executable cmTC_71533
FAILED: cmTC_71533 
: && /home/johan/Android/Sdk/ndk/23.1.7779620/toolchains/llvm/prebuilt/linux-x86_64/bin/clang --target=aarch64-none-linux-android21 --sysroot=/home/johan/Android/Sdk/ndk/23.1.7779620/toolchains/llvm/prebuilt/linux-x86_64/sysroot -DANDROID -fdata-sections -ffunction-sections -funwind-tables -fstack-protector-strong -no-canonical-prefixes -D_FORTIFY_SOURCE=2 -Wformat -Werror=format-security -fexceptions -DCHECK_FUNCTION_EXISTS=pthread_create -O2 -g -DNDEBUG -Wl,--build-id=sha1 -Wl,--no-rosegment -Wl,--fatal-warnings -Qunused-arguments -Wl,--no-undefined  -Wl,--gc-sections CMakeFiles/cmTC_71533.dir/CheckFunctionExists.c.o -o cmTC_71533  -lpthread   -latomic -lm && :
ld: error: unable to find library -lpthread
clang: error: linker command failed with exit code 1 (use -v to see invocation)
ninja: build stopped: subcommand failed.



