Performing C SOURCE FILE Test CMAKE_HAVE_LIBC_PTHREAD failed with the following output:
Change Dir: /home/johan/DJI_app/chalmers-drone-app/GSDemo/app/.cxx/Release/466p196e/armeabi-v7a/CMakeFiles/CMakeTmp

Run Build Command(s):/home/johan/Android/Sdk/cmake/3.22.1/bin/ninja cmTC_be4e3 && [1/2] Building C object CMakeFiles/cmTC_be4e3.dir/src.c.o
/home/johan/DJI_app/chalmers-drone-app/GSDemo/app/.cxx/Release/466p196e/armeabi-v7a/CMakeFiles/CMakeTmp/src.c:13:3: warning: implicit declaration of function 'pthread_cancel' is invalid in C99 [-Wimplicit-function-declaration]
  pthread_cancel(thread);
  ^
1 warning generated.
[2/2] Linking C executable cmTC_be4e3
FAILED: cmTC_be4e3 
: && /home/johan/Android/Sdk/ndk/23.1.7779620/toolchains/llvm/prebuilt/linux-x86_64/bin/clang --target=armv7-none-linux-androideabi19 --sysroot=/home/johan/Android/Sdk/ndk/23.1.7779620/toolchains/llvm/prebuilt/linux-x86_64/sysroot -DANDROID -fdata-sections -ffunction-sections -funwind-tables -fstack-protector-strong -no-canonical-prefixes -D_FORTIFY_SOURCE=2 -march=armv7-a -mthumb -Wformat -Werror=format-security -fexceptions  -O2 -g -DNDEBUG -Wl,--build-id=sha1 -Wl,--no-rosegment -Wl,--fatal-warnings -Qunused-arguments -Wl,--no-undefined  -Wl,--gc-sections CMakeFiles/cmTC_be4e3.dir/src.c.o -o cmTC_be4e3  -latomic -lm && :
ld: error: undefined symbol: pthread_cancel
>>> referenced by src.c:13
>>>               CMakeFiles/cmTC_be4e3.dir/src.c.o:(main)
clang: error: linker command failed with exit code 1 (use -v to see invocation)
ninja: build stopped: subcommand failed.


Source file was:
#include <pthread.h>

static void* test_func(void* data)
{
  return data;
}

int main(void)
{
  pthread_t thread;
  pthread_create(&thread, NULL, test_func, NULL);
  pthread_detach(thread);
  pthread_cancel(thread);
  pthread_join(thread, NULL);
  pthread_atfork(NULL, NULL, NULL);
  pthread_exit(NULL);

  return 0;
}

Determining if the function pthread_create exists in the pthreads failed with the following output:
Change Dir: /home/johan/DJI_app/chalmers-drone-app/GSDemo/app/.cxx/Release/466p196e/armeabi-v7a/CMakeFiles/CMakeTmp

Run Build Command(s):/home/johan/Android/Sdk/cmake/3.22.1/bin/ninja cmTC_f6c1e && [1/2] Building C object CMakeFiles/cmTC_f6c1e.dir/CheckFunctionExists.c.o
[2/2] Linking C executable cmTC_f6c1e
FAILED: cmTC_f6c1e 
: && /home/johan/Android/Sdk/ndk/23.1.7779620/toolchains/llvm/prebuilt/linux-x86_64/bin/clang --target=armv7-none-linux-androideabi19 --sysroot=/home/johan/Android/Sdk/ndk/23.1.7779620/toolchains/llvm/prebuilt/linux-x86_64/sysroot -DANDROID -fdata-sections -ffunction-sections -funwind-tables -fstack-protector-strong -no-canonical-prefixes -D_FORTIFY_SOURCE=2 -march=armv7-a -mthumb -Wformat -Werror=format-security -fexceptions -DCHECK_FUNCTION_EXISTS=pthread_create -O2 -g -DNDEBUG -Wl,--build-id=sha1 -Wl,--no-rosegment -Wl,--fatal-warnings -Qunused-arguments -Wl,--no-undefined  -Wl,--gc-sections CMakeFiles/cmTC_f6c1e.dir/CheckFunctionExists.c.o -o cmTC_f6c1e  -lpthreads   -latomic -lm && :
ld: error: unable to find library -lpthreads
clang: error: linker command failed with exit code 1 (use -v to see invocation)
ninja: build stopped: subcommand failed.



Determining if the function pthread_create exists in the pthread failed with the following output:
Change Dir: /home/johan/DJI_app/chalmers-drone-app/GSDemo/app/.cxx/Release/466p196e/armeabi-v7a/CMakeFiles/CMakeTmp

Run Build Command(s):/home/johan/Android/Sdk/cmake/3.22.1/bin/ninja cmTC_c8f45 && [1/2] Building C object CMakeFiles/cmTC_c8f45.dir/CheckFunctionExists.c.o
[2/2] Linking C executable cmTC_c8f45
FAILED: cmTC_c8f45 
: && /home/johan/Android/Sdk/ndk/23.1.7779620/toolchains/llvm/prebuilt/linux-x86_64/bin/clang --target=armv7-none-linux-androideabi19 --sysroot=/home/johan/Android/Sdk/ndk/23.1.7779620/toolchains/llvm/prebuilt/linux-x86_64/sysroot -DANDROID -fdata-sections -ffunction-sections -funwind-tables -fstack-protector-strong -no-canonical-prefixes -D_FORTIFY_SOURCE=2 -march=armv7-a -mthumb -Wformat -Werror=format-security -fexceptions -DCHECK_FUNCTION_EXISTS=pthread_create -O2 -g -DNDEBUG -Wl,--build-id=sha1 -Wl,--no-rosegment -Wl,--fatal-warnings -Qunused-arguments -Wl,--no-undefined  -Wl,--gc-sections CMakeFiles/cmTC_c8f45.dir/CheckFunctionExists.c.o -o cmTC_c8f45  -lpthread   -latomic -lm && :
ld: error: unable to find library -lpthread
clang: error: linker command failed with exit code 1 (use -v to see invocation)
ninja: build stopped: subcommand failed.



