Performing C SOURCE FILE Test CMAKE_HAVE_LIBC_PTHREAD failed with the following output:
Change Dir: /home/johan/DJI_app/chalmers-drone-app/GSDemo/app/.cxx/Release/u1d623f2/armeabi-v7a/CMakeFiles/CMakeTmp

Run Build Command(s):/home/johan/Android/Sdk/cmake/3.18.1/bin/ninja cmTC_cf2c4 && [1/2] Building C object CMakeFiles/cmTC_cf2c4.dir/src.c.o
src.c:13:3: warning: implicit declaration of function 'pthread_cancel' is invalid in C99 [-Wimplicit-function-declaration]
  pthread_cancel(thread);
  ^
1 warning generated.
[2/2] Linking C executable cmTC_cf2c4
FAILED: cmTC_cf2c4 
: && /home/johan/Android/Sdk/ndk/21.4.7075529/toolchains/llvm/prebuilt/linux-x86_64/bin/clang --target=armv7-none-linux-androideabi19 --gcc-toolchain=/home/johan/Android/Sdk/ndk/21.4.7075529/toolchains/llvm/prebuilt/linux-x86_64 --sysroot=/home/johan/Android/Sdk/ndk/21.4.7075529/toolchains/llvm/prebuilt/linux-x86_64/sysroot -g -DANDROID -fdata-sections -ffunction-sections -funwind-tables -fstack-protector-strong -no-canonical-prefixes -D_FORTIFY_SOURCE=2 -march=armv7-a -mthumb -Wformat -Werror=format-security  -DCMAKE_HAVE_LIBC_PTHREAD -Wl,--exclude-libs,libgcc.a -Wl,--exclude-libs,libgcc_real.a -Wl,--exclude-libs,libatomic.a -Wl,--build-id -Wl,--fatal-warnings -Wl,--exclude-libs,libunwind.a -Wl,--no-undefined -Qunused-arguments -Wl,--gc-sections CMakeFiles/cmTC_cf2c4.dir/src.c.o -o cmTC_cf2c4  -latomic -lm && :
src.c:13: error: undefined reference to 'pthread_cancel'
clang: error: linker command failed with exit code 1 (use -v to see invocation)
ninja: build stopped: subcommand failed.


Source file was:
#include <pthread.h>

void* test_func(void* data)
{
  return data;
}

int main(void)
{
  pthread_t thread;
  pthread_create(&thread, NULL, test_func, NULL);
  pthread_detach(thread);
  pthread_cancel(thread);
  pthread_join(thread, NULL);
  pthread_atfork(NULL, NULL, NULL);
  pthread_exit(NULL);

  return 0;
}

Determining if the function pthread_create exists in the pthreads failed with the following output:
Change Dir: /home/johan/DJI_app/chalmers-drone-app/GSDemo/app/.cxx/Release/u1d623f2/armeabi-v7a/CMakeFiles/CMakeTmp

Run Build Command(s):/home/johan/Android/Sdk/cmake/3.18.1/bin/ninja cmTC_58884 && [1/2] Building C object CMakeFiles/cmTC_58884.dir/CheckFunctionExists.c.o
/home/johan/Android/Sdk/cmake/3.18.1/share/cmake-3.18/Modules/CheckFunctionExists.c:7:3: warning: declaration of built-in function 'pthread_create' requires inclusion of the header <pthread.h> [-Wbuiltin-requires-header]
  CHECK_FUNCTION_EXISTS(void);
  ^
<command line>:3:31: note: expanded from here
#define CHECK_FUNCTION_EXISTS pthread_create
                              ^
1 warning generated.
[2/2] Linking C executable cmTC_58884
FAILED: cmTC_58884 
: && /home/johan/Android/Sdk/ndk/21.4.7075529/toolchains/llvm/prebuilt/linux-x86_64/bin/clang --target=armv7-none-linux-androideabi19 --gcc-toolchain=/home/johan/Android/Sdk/ndk/21.4.7075529/toolchains/llvm/prebuilt/linux-x86_64 --sysroot=/home/johan/Android/Sdk/ndk/21.4.7075529/toolchains/llvm/prebuilt/linux-x86_64/sysroot -g -DANDROID -fdata-sections -ffunction-sections -funwind-tables -fstack-protector-strong -no-canonical-prefixes -D_FORTIFY_SOURCE=2 -march=armv7-a -mthumb -Wformat -Werror=format-security  -DCHECK_FUNCTION_EXISTS=pthread_create -Wl,--exclude-libs,libgcc.a -Wl,--exclude-libs,libgcc_real.a -Wl,--exclude-libs,libatomic.a -Wl,--build-id -Wl,--fatal-warnings -Wl,--exclude-libs,libunwind.a -Wl,--no-undefined -Qunused-arguments -Wl,--gc-sections CMakeFiles/cmTC_58884.dir/CheckFunctionExists.c.o -o cmTC_58884  -lpthreads  -latomic -lm && :
/home/johan/Android/Sdk/ndk/21.4.7075529/toolchains/llvm/prebuilt/linux-x86_64/lib/gcc/arm-linux-androideabi/4.9.x/../../../../arm-linux-androideabi/bin/ld: error: cannot find -lpthreads
clang: error: linker command failed with exit code 1 (use -v to see invocation)
ninja: build stopped: subcommand failed.



Determining if the function pthread_create exists in the pthread failed with the following output:
Change Dir: /home/johan/DJI_app/chalmers-drone-app/GSDemo/app/.cxx/Release/u1d623f2/armeabi-v7a/CMakeFiles/CMakeTmp

Run Build Command(s):/home/johan/Android/Sdk/cmake/3.18.1/bin/ninja cmTC_a9fa6 && [1/2] Building C object CMakeFiles/cmTC_a9fa6.dir/CheckFunctionExists.c.o
/home/johan/Android/Sdk/cmake/3.18.1/share/cmake-3.18/Modules/CheckFunctionExists.c:7:3: warning: declaration of built-in function 'pthread_create' requires inclusion of the header <pthread.h> [-Wbuiltin-requires-header]
  CHECK_FUNCTION_EXISTS(void);
  ^
<command line>:3:31: note: expanded from here
#define CHECK_FUNCTION_EXISTS pthread_create
                              ^
1 warning generated.
[2/2] Linking C executable cmTC_a9fa6
FAILED: cmTC_a9fa6 
: && /home/johan/Android/Sdk/ndk/21.4.7075529/toolchains/llvm/prebuilt/linux-x86_64/bin/clang --target=armv7-none-linux-androideabi19 --gcc-toolchain=/home/johan/Android/Sdk/ndk/21.4.7075529/toolchains/llvm/prebuilt/linux-x86_64 --sysroot=/home/johan/Android/Sdk/ndk/21.4.7075529/toolchains/llvm/prebuilt/linux-x86_64/sysroot -g -DANDROID -fdata-sections -ffunction-sections -funwind-tables -fstack-protector-strong -no-canonical-prefixes -D_FORTIFY_SOURCE=2 -march=armv7-a -mthumb -Wformat -Werror=format-security  -DCHECK_FUNCTION_EXISTS=pthread_create -Wl,--exclude-libs,libgcc.a -Wl,--exclude-libs,libgcc_real.a -Wl,--exclude-libs,libatomic.a -Wl,--build-id -Wl,--fatal-warnings -Wl,--exclude-libs,libunwind.a -Wl,--no-undefined -Qunused-arguments -Wl,--gc-sections CMakeFiles/cmTC_a9fa6.dir/CheckFunctionExists.c.o -o cmTC_a9fa6  -lpthread  -latomic -lm && :
/home/johan/Android/Sdk/ndk/21.4.7075529/toolchains/llvm/prebuilt/linux-x86_64/lib/gcc/arm-linux-androideabi/4.9.x/../../../../arm-linux-androideabi/bin/ld: error: cannot find -lpthread
clang: error: linker command failed with exit code 1 (use -v to see invocation)
ninja: build stopped: subcommand failed.



